#
# A fatal error has been detected by the Java Runtime Environment:
#
#  EXCEPTION_ACCESS_VIOLATION (0xc0000005) at pc=0x000000006e4b4419, pid=3536, tid=8148
#
# JRE version: Java(TM) SE Runtime Environment (7.0_51-b13) (build 1.7.0_51-b13)
# Java VM: Java HotSpot(TM) 64-Bit Server VM (24.51-b03 mixed mode windows-amd64 compressed oops)
# Problematic frame:
# V  [jvm.dll+0x54419]
#
# Failed to write core dump. Minidumps are not enabled by default on client versions of Windows
#
# If you would like to submit a bug report, please visit:
#   http://bugreport.sun.com/bugreport/crash.jsp
#

---------------  T H R E A D  ---------------

Current thread (0x000000000aac1000):  JavaThread "JDWP Transport Listener: dt_socket" daemon [_thread_in_vm, id=8148, stack(0x000000000ca60000,0x000000000cb60000)]

siginfo: ExceptionCode=0xc0000005, reading address 0x000000000000000c

Registers:
RAX=0x000000000000000c, RBX=0x000000000aac1000, RCX=0x0000000000000003, RDX=0x0000000000000000
RSP=0x000000000cb5f310, RBP=0x000000000000000c, RSI=0x0000000000000000, RDI=0x0000000000000010
R8 =0x00000007d5f297a0, R9 =0x0000000000000000, R10=0x0000000000000000, R11=0x0000000000000001
R12=0x0000000000000000, R13=0x000000000aab29b8, R14=0x0000000000000000, R15=0x0000000000000000
RIP=0x000000006e4b4419, EFLAGS=0x0000000000010246

Top of Stack: (sp=0x000000000cb5f310)
0x000000000cb5f310:   000000000aac1000 0000000000000000
0x000000000cb5f320:   0000000000000000 000000000aac1000
0x000000000cb5f330:   0000000000000000 000000006e57b2b7
0x000000000cb5f340:   00000007d5f297a0 000000000cb5f460
0x000000000cb5f350:   000000000aa539e8 000000000cb5f430
0x000000000cb5f360:   000000000aac1000 0000000000000000
0x000000000cb5f370:   000000000aa539e8 000000000cb5f460
0x000000000cb5f380:   0000000000000000 000000000aab29b8
0x000000000cb5f390:   0000000000000000 000000005b417d15
0x000000000cb5f3a0:   000000000cb5f430 000000000cb5f460
0x000000000cb5f3b0:   000000000aa539e8 000000000aac11e8
0x000000000cb5f3c0:   000000000dd8ee0a 000000005b41f08c
0x000000000cb5f3d0:   000000000a010a01 000000000cb5f4d0
0x000000000cb5f3e0:   000000000aab2501 000000000e2b0a60
0x000000000cb5f3f0:   000069aa00000013 000000000a010a00
0x000000000cb5f400:   000000000de86cc0 000000006e5ebcca 

Instructions: (pc=0x000000006e4b4419)
0x000000006e4b43f9:   d2 48 8b c5 eb 18 48 8b d0 48 8b c5 48 d3 e2 48
0x000000006e4b4409:   03 15 a1 74 69 00 eb 06 48 8b 12 48 8b c7 48 98
0x000000006e4b4419:   8b 14 10 85 d2 74 2a 45 84 db 4c 63 c6 48 0f 45
0x000000006e4b4429:   fd 8d 47 0b 48 63 c8 48 83 e1 f8 48 c1 e9 03 8d 


Register to memory mapping:

RAX=0x000000000000000c is an unknown value
RBX=0x000000000aac1000 is a thread
RCX=0x0000000000000003 is an unknown value
RDX=0x0000000000000000 is an unknown value
RSP=0x000000000cb5f310 is pointing into the stack for thread: 0x000000000aac1000
RBP=0x000000000000000c is an unknown value
RSI=0x0000000000000000 is an unknown value
RDI=0x0000000000000010 is an unknown value
R8 =0x00000007d5f297a0 is an oop
java.lang.String 
 - klass: 'java/lang/String'
R9 =0x0000000000000000 is an unknown value
R10=0x0000000000000000 is an unknown value
R11=0x0000000000000001 is an unknown value
R12=0x0000000000000000 is an unknown value
R13=0x000000000aab29b8 is an unknown value
R14=0x0000000000000000 is an unknown value
R15=0x0000000000000000 is an unknown value


Stack: [0x000000000ca60000,0x000000000cb60000],  sp=0x000000000cb5f310,  free space=1020k
Native frames: (J=compiled Java code, j=interpreted, Vv=VM code, C=native code)
V  [jvm.dll+0x54419]


---------------  P R O C E S S  ---------------

Java Threads: ( => current thread )
  0x000000000dc63800 JavaThread "AWT-Windows" daemon [_thread_in_native, id=8596, stack(0x000000000f680000,0x000000000f780000)]
  0x000000000dc62000 JavaThread "Java2D Disposer" daemon [_thread_blocked, id=4356, stack(0x000000000fb50000,0x000000000fc50000)]
  0x000000000dc61800 JavaThread "Thread-2" daemon [_thread_in_native, id=6260, stack(0x000000000f950000,0x000000000fa50000)]
  0x000000000dc60000 JavaThread "Thread-1" [_thread_in_native, id=1820, stack(0x000000000f360000,0x000000000f460000)]
  0x000000000dc5f000 JavaThread "ReaderThread" [_thread_in_native, id=7556, stack(0x000000000e1a0000,0x000000000e2a0000)]
  0x000000000cb7d000 JavaThread "Service Thread" daemon [_thread_blocked, id=7200, stack(0x000000000d6b0000,0x000000000d7b0000)]
  0x000000000cb72000 JavaThread "C2 CompilerThread1" daemon [_thread_blocked, id=8700, stack(0x000000000d520000,0x000000000d620000)]
  0x000000000cb6e800 JavaThread "C2 CompilerThread0" daemon [_thread_blocked, id=8764, stack(0x000000000d330000,0x000000000d430000)]
  0x000000000cb61000 JavaThread "JDWP Command Reader" daemon [_thread_in_native, id=4928, stack(0x000000000d140000,0x000000000d240000)]
  0x000000000cb60800 JavaThread "JDWP Event Helper Thread" daemon [_thread_blocked, id=8276, stack(0x000000000cf90000,0x000000000d090000)]
=>0x000000000aac1000 JavaThread "JDWP Transport Listener: dt_socket" daemon [_thread_in_vm, id=8148, stack(0x000000000ca60000,0x000000000cb60000)]
  0x000000000aab8800 JavaThread "Attach Listener" daemon [_thread_blocked, id=3748, stack(0x000000000bc60000,0x000000000bd60000)]
  0x000000000aab1000 JavaThread "Signal Dispatcher" daemon [_thread_blocked, id=9184, stack(0x000000000c0b0000,0x000000000c1b0000)]
  0x000000000aa5d000 JavaThread "Finalizer" daemon [_thread_blocked, id=7372, stack(0x000000000bf20000,0x000000000c020000)]
  0x000000000aa54000 JavaThread "Reference Handler" daemon [_thread_blocked, id=2744, stack(0x000000000bdc0000,0x000000000bec0000)]
  0x000000000233c800 JavaThread "main" [_thread_blocked, id=6280, stack(0x00000000026e0000,0x00000000027e0000)]

Other Threads:
  0x000000000aa4c000 VMThread [stack: 0x000000000bb00000,0x000000000bc00000] [id=8852]
  0x000000000cbbf000 WatcherThread [stack: 0x000000000d820000,0x000000000d920000] [id=8060]

VM state:not at safepoint (normal execution)

VM Mutex/Monitor currently owned by a thread: None

Heap
 PSYoungGen      total 38400K, used 7928K [0x00000007d5c80000, 0x00000007d8700000, 0x0000000800000000)
  eden space 33280K, 9% used [0x00000007d5c80000,0x00000007d5fb52a0,0x00000007d7d00000)
  from space 5120K, 90% used [0x00000007d7d00000,0x00000007d8189048,0x00000007d8200000)
  to   space 5120K, 0% used [0x00000007d8200000,0x00000007d8200000,0x00000007d8700000)
 ParOldGen       total 86016K, used 470K [0x0000000781600000, 0x0000000786a00000, 0x00000007d5c80000)
  object space 86016K, 0% used [0x0000000781600000,0x00000007816759c0,0x0000000786a00000)
 PSPermGen       total 21504K, used 17051K [0x000000077c400000, 0x000000077d900000, 0x0000000781600000)
  object space 21504K, 79% used [0x000000077c400000,0x000000077d4a6e10,0x000000077d900000)

Card table byte_map: [0x00000000057e0000,0x0000000005c00000] byte_map_base: 0x0000000001bfe000

Polling page: 0x0000000000350000

Code Cache  [0x00000000027e0000, 0x0000000002a50000, 0x00000000057e0000)
 total_blobs=564 nmethods=209 adapters=315 free_code_cache=48188Kb largest_free_block=49318720

Compilation events (10 events):
Event: 32.056 Thread 0x000000000cb72000  207             org.apache.log4j.Category::getEffectiveLevel (28 bytes)
Event: 32.058 Thread 0x000000000cb72000 nmethod 207 0x00000000028d10d0 code [0x00000000028d1200, 0x00000000028d1298]
Event: 32.064 Thread 0x000000000cb6e800  208             java.util.concurrent.ConcurrentHashMap$Segment::rehash (262 bytes)
Event: 32.081 Thread 0x000000000cb6e800 nmethod 208 0x00000000028d1e10 code [0x00000000028d1f80, 0x00000000028d25d8]
Event: 32.081 Thread 0x000000000cb6e800  209   !         java.lang.ref.ReferenceQueue::poll (28 bytes)
Event: 32.093 Thread 0x000000000cb6e800 nmethod 209 0x00000000028d17d0 code [0x00000000028d1920, 0x00000000028d1ce8]
Event: 64.987 Thread 0x000000000cb72000  210             java.net.URI$Parser::at (20 bytes)
Event: 64.991 Thread 0x000000000cb72000 nmethod 210 0x00000000028d5750 code [0x00000000028d58a0, 0x00000000028d5a58]
Event: 65.223 Thread 0x000000000cb6e800  211             java.lang.Object::equals (11 bytes)
Event: 65.223 Thread 0x000000000cb6e800 nmethod 211 0x00000000028cfd10 code [0x00000000028cfe40, 0x00000000028cfeb8]

GC Heap History (6 events):
Event: 2.034 GC heap before
{Heap before GC invocations=1 (full 0):
 PSYoungGen      total 38400K, used 33280K [0x00000007d5c80000, 0x00000007d8700000, 0x0000000800000000)
  eden space 33280K, 100% used [0x00000007d5c80000,0x00000007d7d00000,0x00000007d7d00000)
  from space 5120K, 0% used [0x00000007d8200000,0x00000007d8200000,0x00000007d8700000)
  to   space 5120K, 0% used [0x00000007d7d00000,0x00000007d7d00000,0x00000007d8200000)
 ParOldGen       total 86016K, used 0K [0x0000000781600000, 0x0000000786a00000, 0x00000007d5c80000)
  object space 86016K, 0% used [0x0000000781600000,0x0000000781600000,0x0000000786a00000)
 PSPermGen       total 21504K, used 9968K [0x000000077c400000, 0x000000077d900000, 0x0000000781600000)
  object space 21504K, 46% used [0x000000077c400000,0x000000077cdbc1c0,0x000000077d900000)
Event: 2.047 GC heap after
Heap after GC invocations=1 (full 0):
 PSYoungGen      total 38400K, used 4919K [0x00000007d5c80000, 0x00000007d8700000, 0x0000000800000000)
  eden space 33280K, 0% used [0x00000007d5c80000,0x00000007d5c80000,0x00000007d7d00000)
  from space 5120K, 96% used [0x00000007d7d00000,0x00000007d81cdf08,0x00000007d8200000)
  to   space 5120K, 0% used [0x00000007d8200000,0x00000007d8200000,0x00000007d8700000)
 ParOldGen       total 86016K, used 8K [0x0000000781600000, 0x0000000786a00000, 0x00000007d5c80000)
  object space 86016K, 0% used [0x0000000781600000,0x0000000781602000,0x0000000786a00000)
 PSPermGen       total 21504K, used 9968K [0x000000077c400000, 0x000000077d900000, 0x0000000781600000)
  object space 21504K, 46% used [0x000000077c400000,0x000000077cdbc1c0,0x000000077d900000)
}
Event: 3.567 GC heap before
{Heap before GC invocations=2 (full 0):
 PSYoungGen      total 38400K, used 38199K [0x00000007d5c80000, 0x00000007d8700000, 0x0000000800000000)
  eden space 33280K, 100% used [0x00000007d5c80000,0x00000007d7d00000,0x00000007d7d00000)
  from space 5120K, 96% used [0x00000007d7d00000,0x00000007d81cdf08,0x00000007d8200000)
  to   space 5120K, 0% used [0x00000007d8200000,0x00000007d8200000,0x00000007d8700000)
 ParOldGen       total 86016K, used 8K [0x0000000781600000, 0x0000000786a00000, 0x00000007d5c80000)
  object space 86016K, 0% used [0x0000000781600000,0x0000000781602000,0x0000000786a00000)
 PSPermGen       total 21504K, used 14397K [0x000000077c400000, 0x000000077d900000, 0x0000000781600000)
  object space 21504K, 66% used [0x000000077c400000,0x000000077d20f400,0x000000077d900000)
Event: 3.576 GC heap after
Heap after GC invocations=2 (full 0):
 PSYoungGen      total 38400K, used 5109K [0x00000007d5c80000, 0x00000007d8700000, 0x0000000800000000)
  eden space 33280K, 0% used [0x00000007d5c80000,0x00000007d5c80000,0x00000007d7d00000)
  from space 5120K, 99% used [0x00000007d8200000,0x00000007d86fd6c8,0x00000007d8700000)
  to   space 5120K, 0% used [0x00000007d7d00000,0x00000007d7d00000,0x00000007d8200000)
 ParOldGen       total 86016K, used 462K [0x0000000781600000, 0x0000000786a00000, 0x00000007d5c80000)
  object space 86016K, 0% used [0x0000000781600000,0x00000007816739c0,0x0000000786a00000)
 PSPermGen       total 21504K, used 14397K [0x000000077c400000, 0x000000077d900000, 0x0000000781600000)
  object space 21504K, 66% used [0x000000077c400000,0x000000077d20f400,0x000000077d900000)
}
Event: 32.083 GC heap before
{Heap before GC invocations=3 (full 0):
 PSYoungGen      total 38400K, used 38389K [0x00000007d5c80000, 0x00000007d8700000, 0x0000000800000000)
  eden space 33280K, 100% used [0x00000007d5c80000,0x00000007d7d00000,0x00000007d7d00000)
  from space 5120K, 99% used [0x00000007d8200000,0x00000007d86fd6c8,0x00000007d8700000)
  to   space 5120K, 0% used [0x00000007d7d00000,0x00000007d7d00000,0x00000007d8200000)
 ParOldGen       total 86016K, used 462K [0x0000000781600000, 0x0000000786a00000, 0x00000007d5c80000)
  object space 86016K, 0% used [0x0000000781600000,0x00000007816739c0,0x0000000786a00000)
 PSPermGen       total 21504K, used 17003K [0x000000077c400000, 0x000000077d900000, 0x0000000781600000)
  object space 21504K, 79% used [0x000000077c400000,0x000000077d49aec0,0x000000077d900000)
Event: 32.092 GC heap after
Heap after GC invocations=3 (full 0):
 PSYoungGen      total 38400K, used 4644K [0x00000007d5c80000, 0x00000007d8700000, 0x0000000800000000)
  eden space 33280K, 0% used [0x00000007d5c80000,0x00000007d5c80000,0x00000007d7d00000)
  from space 5120K, 90% used [0x00000007d7d00000,0x00000007d8189048,0x00000007d8200000)
  to   space 5120K, 0% used [0x00000007d8200000,0x00000007d8200000,0x00000007d8700000)
 ParOldGen       total 86016K, used 470K [0x0000000781600000, 0x0000000786a00000, 0x00000007d5c80000)
  object space 86016K, 0% used [0x0000000781600000,0x00000007816759c0,0x0000000786a00000)
 PSPermGen       total 21504K, used 17003K [0x000000077c400000, 0x000000077d900000, 0x0000000781600000)
  object space 21504K, 79% used [0x000000077c400000,0x000000077d49aec0,0x000000077d900000)
}

Deoptimization events (10 events):
Event: 1.087 Thread 0x000000000233c800 Uncommon trap: reason=bimorphic action=maybe_recompile pc=0x000000000286c8c0 method=java.util.HashMap.put(Ljava/lang/Object;Ljava/lang/Object;)Ljava/lang/Object; @ 137
Event: 2.110 Thread 0x000000000233c800 Uncommon trap: reason=bimorphic action=maybe_recompile pc=0x000000000288812c method=java.net.URL.<init>(Ljava/net/URL;Ljava/lang/String;Ljava/net/URLStreamHandler;)V @ 504
Event: 2.198 Thread 0x000000000233c800 Uncommon trap: reason=unreached action=reinterpret pc=0x000000000287024c method=sun.misc.URLClassPath$JarLoader.ensureOpen()V @ 4
Event: 2.393 Thread 0x000000000233c800 Uncommon trap: reason=class_check action=maybe_recompile pc=0x0000000002856630 method=java.util.Properties$LineReader.readLine()I @ 62
Event: 2.393 Thread 0x000000000233c800 Uncommon trap: reason=class_check action=maybe_recompile pc=0x0000000002856630 method=java.util.Properties$LineReader.readLine()I @ 62
Event: 2.459 Thread 0x000000000233c800 Uncommon trap: reason=null_check action=make_not_entrant pc=0x00000000028a388c method=java.util.jar.Attributes.putValue(Ljava/lang/String;Ljava/lang/String;)Ljava/lang/String; @ 13
Event: 2.473 Thread 0x000000000233c800 Uncommon trap: reason=bimorphic action=maybe_recompile pc=0x000000000288812c method=java.net.URL.<init>(Ljava/net/URL;Ljava/lang/String;Ljava/net/URLStreamHandler;)V @ 504
Event: 9.319 Thread 0x000000000233c800 Uncommon trap: reason=class_check action=maybe_recompile pc=0x0000000002856630 method=java.util.Properties$LineReader.readLine()I @ 62
Event: 32.110 Thread 0x000000000233c800 Uncommon trap: reason=bimorphic action=maybe_recompile pc=0x000000000288812c method=java.net.URL.<init>(Ljava/net/URL;Ljava/lang/String;Ljava/net/URLStreamHandler;)V @ 504
Event: 44.969 Thread 0x000000000233c800 Uncommon trap: reason=bimorphic action=maybe_recompile pc=0x000000000288812c method=java.net.URL.<init>(Ljava/net/URL;Ljava/lang/String;Ljava/net/URLStreamHandler;)V @ 504

Internal exceptions (10 events):
Event: 32.079 Thread 0x000000000233c800 Threw 0x00000007d7cf6428 at C:\re\jdk7u51\527\hotspot\src\share\vm\prims\jvm.cpp:1244
Event: 32.081 Thread 0x000000000233c800 Threw 0x00000007d7cf8f00 at C:\re\jdk7u51\527\hotspot\src\share\vm\prims\jvm.cpp:1244
Event: 32.082 Thread 0x000000000233c800 Threw 0x00000007d7cfb630 at C:\re\jdk7u51\527\hotspot\src\share\vm\prims\jvm.cpp:1244
Event: 32.082 Thread 0x000000000233c800 Threw 0x00000007d7cfdea8 at C:\re\jdk7u51\527\hotspot\src\share\vm\prims\jvm.cpp:1244
Event: 32.099 Thread 0x000000000233c800 Threw 0x00000007d5c86fb8 at C:\re\jdk7u51\527\hotspot\src\share\vm\prims\jvm.cpp:1244
Event: 32.100 Thread 0x000000000233c800 Threw 0x00000007d5c910c8 at C:\re\jdk7u51\527\hotspot\src\share\vm\prims\jvm.cpp:1244
Event: 32.102 Thread 0x000000000233c800 Threw 0x00000007d5ca6ab0 at C:\re\jdk7u51\527\hotspot\src\share\vm\prims\jni.cpp:1632
Event: 32.103 Thread 0x000000000233c800 Threw 0x00000007d5cb2f38 at C:\re\jdk7u51\527\hotspot\src\share\vm\prims\jni.cpp:1632
Event: 65.223 Thread 0x000000000233c800 Threw 0x00000007d5efce28 at C:\re\jdk7u51\527\hotspot\src\share\vm\prims\jvm.cpp:1244
Event: 65.224 Thread 0x000000000233c800 Threw 0x00000007d5f0d508 at C:\re\jdk7u51\527\hotspot\src\share\vm\prims\jvm.cpp:1244

Events (10 events):
Event: 215.940 Executing VM operation: GetCurrentLocation
Event: 215.940 Executing VM operation: GetCurrentLocation done
Event: 215.940 Executing VM operation: ChangeSingleStep
Event: 215.940 Executing VM operation: ChangeSingleStep done
Event: 215.943 Executing VM operation: ChangeSingleStep
Event: 215.943 Executing VM operation: ChangeSingleStep done
Event: 215.973 Executing VM operation: GetOrSetLocal
Event: 215.973 Executing VM operation: GetOrSetLocal done
Event: 215.976 Executing VM operation: GetOrSetLocal
Event: 215.977 Executing VM operation: GetOrSetLocal done


Dynamic libraries:
0x000000013ff90000 - 0x000000013ffc3000 	C:\Program Files\Java\jdk1.7.0_51\bin\javaw.exe
0x00000000772f0000 - 0x0000000077499000 	C:\Windows\SYSTEM32\ntdll.dll
0x00000000770d0000 - 0x00000000771ef000 	C:\Windows\system32\kernel32.dll
0x000007fefd300000 - 0x000007fefd36c000 	C:\Windows\system32\KERNELBASE.dll
0x0000000074e30000 - 0x0000000074eb7000 	C:\Windows\System32\SYSFER.DLL
0x000007fefee90000 - 0x000007fefef6b000 	C:\Windows\system32\ADVAPI32.dll
0x000007fefedf0000 - 0x000007fefee8f000 	C:\Windows\system32\msvcrt.dll
0x000007fefded0000 - 0x000007fefdeef000 	C:\Windows\SYSTEM32\sechost.dll
0x000007fefd510000 - 0x000007fefd63d000 	C:\Windows\system32\RPCRT4.dll
0x00000000771f0000 - 0x00000000772ea000 	C:\Windows\system32\USER32.dll
0x000007fefed80000 - 0x000007fefede7000 	C:\Windows\system32\GDI32.dll
0x000007fefdec0000 - 0x000007fefdece000 	C:\Windows\system32\LPK.dll
0x000007fefecb0000 - 0x000007fefed79000 	C:\Windows\system32\USP10.dll
0x000007fefb530000 - 0x000007fefb724000 	C:\Windows\WinSxS\amd64_microsoft.windows.common-controls_6595b64144ccf1df_6.0.7601.17514_none_fa396087175ac9ac\COMCTL32.dll
0x000007feff580000 - 0x000007feff5f1000 	C:\Windows\system32\SHLWAPI.dll
0x00000000774b0000 - 0x00000000774b7000 	C:\Windows\system32\psapi.dll
0x000007fefec80000 - 0x000007fefecae000 	C:\Windows\system32\IMM32.DLL
0x000007fefdc50000 - 0x000007fefdd59000 	C:\Windows\system32\MSCTF.dll
0x0000000059570000 - 0x0000000059642000 	C:\Program Files\Java\jdk1.7.0_51\jre\bin\msvcr100.dll
0x000000006e460000 - 0x000000006ec29000 	C:\Program Files\Java\jdk1.7.0_51\jre\bin\server\jvm.dll
0x000007fefa470000 - 0x000007fefa479000 	C:\Windows\system32\WSOCK32.dll
0x000007fefd6e0000 - 0x000007fefd72d000 	C:\Windows\system32\WS2_32.dll
0x000007fefd500000 - 0x000007fefd508000 	C:\Windows\system32\NSI.dll
0x000007fefb200000 - 0x000007fefb23b000 	C:\Windows\system32\WINMM.dll
0x000000006fdd0000 - 0x000000006fddf000 	C:\Program Files\Java\jdk1.7.0_51\jre\bin\verify.dll
0x0000000065f40000 - 0x0000000065f68000 	C:\Program Files\Java\jdk1.7.0_51\jre\bin\java.dll
0x000000005b410000 - 0x000000005b445000 	C:\Program Files\Java\jdk1.7.0_51\jre\bin\jdwp.dll
0x000000006fde0000 - 0x000000006fde8000 	C:\Program Files\Java\jdk1.7.0_51\jre\bin\npt.dll
0x0000000065f80000 - 0x0000000065f95000 	C:\Program Files\Java\jdk1.7.0_51\jre\bin\zip.dll
0x0000000065f70000 - 0x0000000065f79000 	C:\Program Files\Java\jdk1.7.0_51\jre\bin\dt_socket.dll
0x000007fefbd40000 - 0x000007fefbd55000 	C:\Windows\system32\NLAapi.dll
0x000007fef7a30000 - 0x000007fef7a45000 	C:\Windows\system32\napinsp.dll
0x000007fef7a10000 - 0x000007fef7a29000 	C:\Windows\system32\pnrpnsp.dll
0x000007fefc9c0000 - 0x000007fefca15000 	C:\Windows\System32\mswsock.dll
0x000007fefc840000 - 0x000007fefc89b000 	C:\Windows\system32\DNSAPI.dll
0x000007fef7a00000 - 0x000007fef7a0b000 	C:\Windows\System32\winrnr.dll
0x000007fef79f0000 - 0x000007fef7a00000 	C:\Windows\system32\wshbth.dll
0x000007fef7a60000 - 0x000007fef7a8f000 	C:\Program Files\Common Files\Microsoft Shared\Windows Live\WLIDNSP.DLL
0x000007fefa990000 - 0x000007fefa9b7000 	C:\Windows\system32\IPHLPAPI.DLL
0x000007fefa980000 - 0x000007fefa98b000 	C:\Windows\system32\WINNSI.DLL
0x000007fef9dd0000 - 0x000007fef9e23000 	C:\Windows\System32\fwpuclnt.dll
0x000007fef81d0000 - 0x000007fef81d8000 	C:\Windows\system32\rasadhlp.dll
0x000007fefc280000 - 0x000007fefc287000 	C:\Windows\System32\wshtcpip.dll
0x000000005b470000 - 0x000000005b489000 	C:\Program Files\Java\jdk1.7.0_51\jre\bin\net.dll
0x000007fefc9b0000 - 0x000007fefc9b7000 	C:\Windows\System32\wship6.dll
0x000007fefca20000 - 0x000007fefca37000 	C:\Windows\system32\CRYPTSP.dll
0x000007fefc720000 - 0x000007fefc767000 	C:\Windows\system32\rsaenh.dll
0x000007fefd4c0000 - 0x000007fefd4de000 	C:\Windows\system32\USERENV.dll
0x000007fefd120000 - 0x000007fefd12f000 	C:\Windows\system32\profapi.dll
0x000007fefcfc0000 - 0x000007fefcfcf000 	C:\Windows\system32\CRYPTBASE.dll
0x000000005b450000 - 0x000000005b461000 	C:\Program Files\Java\jdk1.7.0_51\jre\bin\nio.dll
0x000007fefcf60000 - 0x000007fefcfb7000 	C:\Windows\system32\apphelp.dll
0x0000000059700000 - 0x0000000059724000 	C:\Program Files\Java\jdk1.7.0_51\jre\bin\sunec.dll
0x000000006cf80000 - 0x000000006cf8b000 	C:\Program Files\Java\jdk1.7.0_51\jre\bin\sunmscapi.dll
0x000007fefd180000 - 0x000007fefd2ec000 	C:\Windows\system32\CRYPT32.dll
0x000007fefd130000 - 0x000007fefd13f000 	C:\Windows\system32\MSASN1.dll
0x0000000077740000 - 0x00000000778d5000 	C:\Program Files\Java\jdk1.7.0_51\jre\bin\awt.dll
0x000007feff010000 - 0x000007feff0e7000 	C:\Windows\system32\OLEAUT32.dll
0x000007fefd730000 - 0x000007fefd933000 	C:\Windows\system32\ole32.dll
0x000007fefad20000 - 0x000007fefad38000 	C:\Windows\system32\DWMAPI.DLL
0x000007fefb270000 - 0x000007fefb2c6000 	C:\Windows\system32\uxtheme.dll
0x000007fee50b0000 - 0x000007fee51d5000 	C:\Windows\system32\dbghelp.dll

VM Arguments:
jvm_args: -agentlib:jdwp=transport=dt_socket,suspend=y,address=localhost:51173 -ea -Dfile.encoding=Cp1252 
java_command: org.testng.remote.RemoteTestNG -serport 51172 -d C:\Selenium\eSelenium\eselenium-smartpearsonplayer-tests\eselenium-smartpearsonplayer-tests\test-output C:\Users\RANJIT~1.BRA\AppData\Local\Temp\testng-eclipse-1751751772\testng-customsuite.xml
Launcher Type: SUN_STANDARD

Environment Variables:
JAVA_HOME=C:\Program Files\Java\jdk1.7.0_51
PATH=C:\Program Files\Java\jdk1.7.0_51\jre\bin;C:\Program Files\Common Files\Microsoft Shared\Windows Live;C:\Program Files (x86)\Common Files\Microsoft Shared\Windows Live;c:\Program Files (x86)\Intel\iCLS Client\;c:\Program Files\Intel\iCLS Client\;C:\Windows\system32;C:\Windows;C:\Windows\System32\Wbem;C:\Windows\System32\WindowsPowerShell\v1.0\;C:\Program Files (x86)\Intel\OpenCL SDK\3.0\bin\x86;C:\Program Files (x86)\Intel\OpenCL SDK\3.0\bin\x64;C:\Program Files\Intel\Intel(R) Management Engine Components\DAL;C:\Program Files\Intel\Intel(R) Management Engine Components\IPT;C:\Program Files (x86)\Intel\Intel(R) Management Engine Components\DAL;C:\Program Files (x86)\Intel\Intel(R) Management Engine Components\IPT;C:\Program Files (x86)\Windows Live\Shared;C:\ANT\apache-ant-1.9.4\bin;C:\Program Files\Java\jdk1.7.0_51\bin;C:\Selenium\apache-maven-3.1.1-bin\apache-maven-3.1.1\bin;
USERNAME=ranjit.brar
OS=Windows_NT
PROCESSOR_IDENTIFIER=Intel64 Family 6 Model 69 Stepping 1, GenuineIntel



---------------  S Y S T E M  ---------------

OS: Windows 7 , 64 bit Build 7601 Service Pack 1

CPU:total 4 (2 cores per cpu, 2 threads per core) family 6 model 69 stepping 1, cmov, cx8, fxsr, mmx, sse, sse2, sse3, ssse3, sse4.1, sse4.2, popcnt, avx, avx2, aes, erms, ht, tsc, tscinvbit

Memory: 4k page, physical 8290996k(3252216k free), swap 16580128k(11136872k free)

vm_info: Java HotSpot(TM) 64-Bit Server VM (24.51-b03) for windows-amd64 JRE (1.7.0_51-b13), built on Dec 18 2013 18:40:56 by "java_re" with unknown MS VC++:1600

time: Mon Sep 22 15:19:46 2014
elapsed time: 216 seconds

